<?xml version="1.0" encoding="UTF-8"?>
<testng-results ignored="0" total="8" passed="8" failed="0" skipped="0">
  <reporter-output>
  </reporter-output>
  <suite started-at="2023-12-29T17:32:26 EST" name="PetSuite" finished-at="2023-12-29T17:32:38 EST" duration-ms="11138">
    <groups>
    </groups>
    <test started-at="2023-12-29T17:32:26 EST" name="PetTest" finished-at="2023-12-29T17:32:38 EST" duration-ms="11138">
      <class name="api.test.userTest2">
        <test-method is-config="true" signature="setupData()[pri:0, instance:api.test.userTest2@30135202]" started-at="2023-12-29T17:32:27 EST" name="setupData" finished-at="2023-12-29T17:32:27 EST" duration-ms="364" status="PASS">
          <reporter-output>
          </reporter-output>
        </test-method> <!-- setupData -->
        <test-method signature="testPostUser()[pri:1, instance:api.test.userTest2@30135202]" started-at="2023-12-29T17:32:27 EST" name="testPostUser" finished-at="2023-12-29T17:32:31 EST" duration-ms="3770" status="PASS">
          <reporter-output>
          </reporter-output>
        </test-method> <!-- testPostUser -->
        <test-method signature="testgetUserByName()[pri:2, instance:api.test.userTest2@30135202]" started-at="2023-12-29T17:32:31 EST" name="testgetUserByName" finished-at="2023-12-29T17:32:31 EST" duration-ms="180" status="PASS">
          <reporter-output>
          </reporter-output>
        </test-method> <!-- testgetUserByName -->
        <test-method signature="testUpdateUserByName()[pri:3, instance:api.test.userTest2@30135202]" started-at="2023-12-29T17:32:31 EST" name="testUpdateUserByName" finished-at="2023-12-29T17:32:37 EST" duration-ms="5279" status="PASS">
          <reporter-output>
          </reporter-output>
        </test-method> <!-- testUpdateUserByName -->
        <test-method signature="testDeleteUserByName()[pri:4, instance:api.test.userTest2@30135202]" started-at="2023-12-29T17:32:37 EST" name="testDeleteUserByName" finished-at="2023-12-29T17:32:37 EST" duration-ms="130" status="PASS">
          <reporter-output>
          </reporter-output>
        </test-method> <!-- testDeleteUserByName -->
      </class> <!-- api.test.userTest2 -->
      <class name="api.test.userTest">
        <test-method is-config="true" signature="setupData()[pri:0, instance:api.test.userTest@1e63d216]" started-at="2023-12-29T17:32:37 EST" name="setupData" finished-at="2023-12-29T17:32:37 EST" duration-ms="60" status="PASS">
          <reporter-output>
          </reporter-output>
        </test-method> <!-- setupData -->
        <test-method signature="testPostUser()[pri:1, instance:api.test.userTest@1e63d216]" started-at="2023-12-29T17:32:37 EST" name="testPostUser" finished-at="2023-12-29T17:32:37 EST" duration-ms="141" status="PASS">
          <reporter-output>
          </reporter-output>
        </test-method> <!-- testPostUser -->
        <test-method signature="testgetUserByName()[pri:2, instance:api.test.userTest@1e63d216]" started-at="2023-12-29T17:32:37 EST" name="testgetUserByName" finished-at="2023-12-29T17:32:37 EST" duration-ms="129" status="PASS">
          <reporter-output>
          </reporter-output>
        </test-method> <!-- testgetUserByName -->
        <test-method signature="testUpdateUserByName()[pri:3, instance:api.test.userTest@1e63d216]" started-at="2023-12-29T17:32:37 EST" name="testUpdateUserByName" finished-at="2023-12-29T17:32:37 EST" duration-ms="260" status="PASS">
          <reporter-output>
          </reporter-output>
        </test-method> <!-- testUpdateUserByName -->
        <test-method signature="testDeleteUserByName()[pri:4, instance:api.test.userTest@1e63d216]" started-at="2023-12-29T17:32:37 EST" name="testDeleteUserByName" finished-at="2023-12-29T17:32:37 EST" duration-ms="120" status="PASS">
          <reporter-output>
          </reporter-output>
        </test-method> <!-- testDeleteUserByName -->
      </class> <!-- api.test.userTest -->
    </test> <!-- PetTest -->
  </suite> <!-- PetSuite -->
</testng-results>
