<?xml version="1.0" encoding="UTF-8"?>
<!-- Generated by org.testng.reporters.JUnitXMLReporter -->
<testsuite ignored="0" hostname="Bevara_Family" failures="0" tests="8" name="PetTest" time="11.138" errors="0" timestamp="2023-12-29T17:32:38 EST">
  <testcase classname="api.test.userTest2" name="testPostUser" time="3.77"/>
  <testcase classname="api.test.userTest2" name="testgetUserByName" time="0.18"/>
  <testcase classname="api.test.userTest2" name="testUpdateUserByName" time="5.279"/>
  <testcase classname="api.test.userTest2" name="testDeleteUserByName" time="0.13"/>
  <testcase classname="api.test.userTest" name="testPostUser" time="0.141"/>
  <testcase classname="api.test.userTest" name="testgetUserByName" time="0.129"/>
  <testcase classname="api.test.userTest" name="testUpdateUserByName" time="0.26"/>
  <testcase classname="api.test.userTest" name="testDeleteUserByName" time="0.12"/>
</testsuite> <!-- PetTest -->
