<?xml version="1.0" encoding="UTF-8"?>
<!-- Generated by org.testng.reporters.JUnitXMLReporter -->
<testsuite ignored="1" hostname="Bevara_Family" failures="0" tests="3" name="PetTest" time="3.633" errors="0" timestamp="2023-12-24T19:22:01 EST">
  <testcase classname="api.test.userTest" name="testPostUser" time="2.104"/>
  <testcase classname="api.test.userTest" name="testgetUserByName" time="0.531"/>
  <testcase classname="api.test.userTest" name="testDeleteUserByName" time="0.51"/>
  <testcase classname="api.test.userTest" name="testUpdateUserByName" time="0.0">
    <ignored/>
  </testcase> <!-- testUpdateUserByName -->
</testsuite> <!-- PetTest -->
