<?xml version="1.0" encoding="UTF-8"?>
<!-- Generated by org.testng.reporters.JUnitXMLReporter -->
<testsuite ignored="1" hostname="Bevara_Family" failures="0" tests="3" name="Test" time="2.269" errors="0" timestamp="2023-12-23T21:34:58 EST">
  <testcase classname="api.test.userTest" name="testPostUser" time="1.542"/>
  <testcase classname="api.test.userTest" name="testgetUserByName" time="0.191"/>
  <testcase classname="api.test.userTest" name="testDeleteUserByName" time="0.161"/>
  <testcase classname="api.test.userTest" name="testUpdateUserByName" time="0.0">
    <ignored/>
  </testcase> <!-- testUpdateUserByName -->
</testsuite> <!-- Test -->
